<?xml version="1.0" encoding="UTF-8"?>
<!-- Generated by org.testng.reporters.JUnitReportReporter -->
<testsuite hostname="DESKTOP-FNH1NLT" failures="0" tests="1" name="myntra.AddproductToCart" time="82.300" errors="0" timestamp="2022-03-27T16:54:07 IST" skipped="0">
  <testcase classname="myntra.AddproductToCart" name="addProductToCart" time="82.300"/>
  <system-out/>
</testsuite> <!-- myntra.AddproductToCart -->
